10:19:04 AM: DEBUG [cursor_del_pool.py:10 inicio del metodo with __enter__]
10:19:04 AM: DEBUG [conexion.py:37 creacion del pool exitosa<psycopg2.pool.SimpleConnectionPool object at 0x0000022F7E0EBEE0> ]
10:19:04 AM: DEBUG [conexion.py:49 Conexion obtenida del pool :<connection object at 0x0000022F7D753DE0; dsn: 'user=postgres password=xxx dbname=test_db host=127.0.0.1 port=5432', closed: 0>]
10:19:04 AM: DEBUG [cursor_del_pool.py:28 dentro del bloque with]
10:19:04 AM: DEBUG [cursor_del_pool.py:17 Se ejecuta metodo __extit]
10:19:04 AM: ERROR [cursor_del_pool.py:20 Ocurrio una excepciony se hace roolback: relation "usuarios" does not exist
LINE 1: SELECT * FROM usuarios
                      ^
<class 'psycopg2.errors.UndefinedTable'><traceback object at 0x0000022F7FCBE180>]
10:19:32 AM: DEBUG [conexion.py:37 creacion del pool exitosa<psycopg2.pool.SimpleConnectionPool object at 0x0000015E6FDD5BD0> ]
10:19:32 AM: DEBUG [conexion.py:49 Conexion obtenida del pool :<connection object at 0x0000015E6DC93DE0; dsn: 'user=postgres password=xxx dbname=test_db host=127.0.0.1 port=5432', closed: 0>]
10:19:32 AM: DEBUG [conexion.py:57 Liberamos la conexion al pool <connection object at 0x0000015E6DC93DE0; dsn: 'user=postgres password=xxx dbname=test_db host=127.0.0.1 port=5432', closed: 0>]
10:19:32 AM: DEBUG [conexion.py:49 Conexion obtenida del pool :<connection object at 0x0000015E6DC93DE0; dsn: 'user=postgres password=xxx dbname=test_db host=127.0.0.1 port=5432', closed: 0>]
10:19:32 AM: DEBUG [conexion.py:49 Conexion obtenida del pool :<connection object at 0x0000015E6FE086A0; dsn: 'user=postgres password=xxx dbname=test_db host=127.0.0.1 port=5432', closed: 0>]
10:19:32 AM: DEBUG [conexion.py:57 Liberamos la conexion al pool <connection object at 0x0000015E6FE086A0; dsn: 'user=postgres password=xxx dbname=test_db host=127.0.0.1 port=5432', closed: 0>]
10:19:32 AM: DEBUG [conexion.py:49 Conexion obtenida del pool :<connection object at 0x0000015E6FE086A0; dsn: 'user=postgres password=xxx dbname=test_db host=127.0.0.1 port=5432', closed: 0>]
10:19:32 AM: DEBUG [conexion.py:49 Conexion obtenida del pool :<connection object at 0x0000015E6FE08040; dsn: 'user=postgres password=xxx dbname=test_db host=127.0.0.1 port=5432', closed: 0>]
10:19:32 AM: DEBUG [conexion.py:57 Liberamos la conexion al pool <connection object at 0x0000015E6FE08040; dsn: 'user=postgres password=xxx dbname=test_db host=127.0.0.1 port=5432', closed: 0>]
10:19:32 AM: DEBUG [conexion.py:49 Conexion obtenida del pool :<connection object at 0x0000015E6FE08040; dsn: 'user=postgres password=xxx dbname=test_db host=127.0.0.1 port=5432', closed: 0>]
10:29:58 AM: DEBUG [cursor_del_pool.py:10 inicio del metodo with __enter__]
10:29:58 AM: DEBUG [conexion.py:37 creacion del pool exitosa<psycopg2.pool.SimpleConnectionPool object at 0x0000025E924E66E0> ]
10:29:58 AM: DEBUG [conexion.py:49 Conexion obtenida del pool :<connection object at 0x0000025E90363DE0; dsn: 'user=postgres password=xxx dbname=test_db host=127.0.0.1 port=5432', closed: 0>]
10:29:58 AM: DEBUG [usuarioDao.py:15 Seleccionando Usuarios]
10:29:58 AM: DEBUG [cursor_del_pool.py:17 Se ejecuta metodo __extit]
10:29:58 AM: ERROR [cursor_del_pool.py:20 Ocurrio una excepciony se hace roolback: relation "usuarios" does not exist
LINE 1: SELECT * FROM usuarios ORDER BY id_usuario
                      ^
<class 'psycopg2.errors.UndefinedTable'><traceback object at 0x0000025E92509380>]
10:30:24 AM: DEBUG [cursor_del_pool.py:10 inicio del metodo with __enter__]
10:30:24 AM: DEBUG [conexion.py:37 creacion del pool exitosa<psycopg2.pool.SimpleConnectionPool object at 0x000001DAD3778910> ]
10:30:24 AM: DEBUG [conexion.py:49 Conexion obtenida del pool :<connection object at 0x000001DAD15F3DE0; dsn: 'user=postgres password=xxx dbname=test_db host=127.0.0.1 port=5432', closed: 0>]
10:30:24 AM: DEBUG [usuarioDao.py:15 Seleccionando Usuarios]
10:30:24 AM: DEBUG [cursor_del_pool.py:17 Se ejecuta metodo __extit]
10:30:24 AM: ERROR [cursor_del_pool.py:20 Ocurrio una excepciony se hace roolback: relation "usuarios" does not exist
LINE 1: SELECT * FROM Usuarios ORDER BY id_usuario
                      ^
<class 'psycopg2.errors.UndefinedTable'><traceback object at 0x000001DAD1D106C0>]
10:33:10 AM: DEBUG [cursor_del_pool.py:10 inicio del metodo with __enter__]
10:33:10 AM: DEBUG [conexion.py:37 creacion del pool exitosa<psycopg2.pool.SimpleConnectionPool object at 0x000002D5A8528A30> ]
10:33:10 AM: DEBUG [conexion.py:49 Conexion obtenida del pool :<connection object at 0x000002D5A6353DE0; dsn: 'user=postgres password=xxx dbname=test_db host=127.0.0.1 port=5432', closed: 0>]
10:33:10 AM: DEBUG [usuarioDao.py:15 Seleccionando Usuarios]
10:33:10 AM: DEBUG [cursor_del_pool.py:17 Se ejecuta metodo __extit]
10:33:10 AM: ERROR [cursor_del_pool.py:20 Ocurrio una excepciony se hace roolback: relation "usuarios" does not exist
LINE 1: SELECT * FROM Usuarios ORDER BY id_usuario
                      ^
<class 'psycopg2.errors.UndefinedTable'><traceback object at 0x000002D5A8538740>]
10:34:08 AM: DEBUG [cursor_del_pool.py:10 inicio del metodo with __enter__]
10:34:08 AM: DEBUG [conexion.py:37 creacion del pool exitosa<psycopg2.pool.SimpleConnectionPool object at 0x000001D66C998A30> ]
10:34:08 AM: DEBUG [conexion.py:49 Conexion obtenida del pool :<connection object at 0x000001D66A453DE0; dsn: 'user=postgres password=xxx dbname=test_db host=127.0.0.1 port=5432', closed: 0>]
10:34:08 AM: DEBUG [usuarioDao.py:15 Seleccionando Usuarios]
10:34:08 AM: DEBUG [cursor_del_pool.py:17 Se ejecuta metodo __extit]
10:34:08 AM: ERROR [cursor_del_pool.py:20 Ocurrio una excepciony se hace roolback: relation "usuarios" does not exist
LINE 1: SELECT * FROM Usuarios ORDER BY id_usuario
                      ^
<class 'psycopg2.errors.UndefinedTable'><traceback object at 0x000001D66C9A8740>]
10:34:53 AM: DEBUG [cursor_del_pool.py:10 inicio del metodo with __enter__]
10:34:53 AM: DEBUG [conexion.py:37 creacion del pool exitosa<psycopg2.pool.SimpleConnectionPool object at 0x000002F1A3638A30> ]
10:34:53 AM: DEBUG [conexion.py:49 Conexion obtenida del pool :<connection object at 0x000002F1A1443DE0; dsn: 'user=postgres password=xxx dbname=test_db host=127.0.0.1 port=5432', closed: 0>]
10:34:53 AM: DEBUG [usuarioDao.py:15 Seleccionando Usuarios]
10:34:53 AM: DEBUG [cursor_del_pool.py:17 Se ejecuta metodo __extit]
10:34:53 AM: ERROR [cursor_del_pool.py:20 Ocurrio una excepciony se hace roolback: relation "usuarios" does not exist
LINE 1: SELECT * FROM Usuarios 
                      ^
<class 'psycopg2.errors.UndefinedTable'><traceback object at 0x000002F1A3648340>]
10:35:09 AM: DEBUG [cursor_del_pool.py:10 inicio del metodo with __enter__]
10:35:09 AM: DEBUG [conexion.py:37 creacion del pool exitosa<psycopg2.pool.SimpleConnectionPool object at 0x000001C91E23D8A0> ]
10:35:09 AM: DEBUG [conexion.py:49 Conexion obtenida del pool :<connection object at 0x000001C91F269030; dsn: 'user=postgres password=xxx dbname=test_db host=127.0.0.1 port=5432', closed: 0>]
10:35:09 AM: DEBUG [usuarioDao.py:15 Seleccionando Usuarios]
10:35:09 AM: DEBUG [cursor_del_pool.py:17 Se ejecuta metodo __extit]
10:35:09 AM: ERROR [cursor_del_pool.py:20 Ocurrio una excepciony se hace roolback: relation "usuarios" does not exist
LINE 1: SELECT * FROM usuarios 
                      ^
<class 'psycopg2.errors.UndefinedTable'><traceback object at 0x000001C91F43D240>]
10:35:14 AM: DEBUG [cursor_del_pool.py:10 inicio del metodo with __enter__]
10:35:14 AM: DEBUG [conexion.py:37 creacion del pool exitosa<psycopg2.pool.SimpleConnectionPool object at 0x0000026BFB978A30> ]
10:35:14 AM: DEBUG [conexion.py:49 Conexion obtenida del pool :<connection object at 0x0000026BF97F3DE0; dsn: 'user=postgres password=xxx dbname=test_db host=127.0.0.1 port=5432', closed: 0>]
10:35:14 AM: DEBUG [usuarioDao.py:15 Seleccionando Usuarios]
10:35:14 AM: DEBUG [cursor_del_pool.py:17 Se ejecuta metodo __extit]
10:35:14 AM: ERROR [cursor_del_pool.py:20 Ocurrio una excepciony se hace roolback: relation "usuarios" does not exist
LINE 1: SELECT * FROM usuarios 
                      ^
<class 'psycopg2.errors.UndefinedTable'><traceback object at 0x0000026BFB988700>]
10:35:28 AM: DEBUG [cursor_del_pool.py:10 inicio del metodo with __enter__]
10:35:28 AM: DEBUG [conexion.py:37 creacion del pool exitosa<psycopg2.pool.SimpleConnectionPool object at 0x000002DDF9958A30> ]
10:35:28 AM: DEBUG [conexion.py:49 Conexion obtenida del pool :<connection object at 0x000002DDF77A3DE0; dsn: 'user=postgres password=xxx dbname=test_db host=127.0.0.1 port=5432', closed: 0>]
10:35:28 AM: DEBUG [usuarioDao.py:15 Seleccionando Usuarios]
10:35:28 AM: DEBUG [cursor_del_pool.py:17 Se ejecuta metodo __extit]
10:35:28 AM: ERROR [cursor_del_pool.py:20 Ocurrio una excepciony se hace roolback: relation "usuarios" does not exist
LINE 1: SELECT * FROM Usuarios 
                      ^
<class 'psycopg2.errors.UndefinedTable'><traceback object at 0x000002DDF9968700>]
10:42:37 AM: DEBUG [cursor_del_pool.py:10 inicio del metodo with __enter__]
10:42:37 AM: DEBUG [conexion.py:37 creacion del pool exitosa<psycopg2.pool.SimpleConnectionPool object at 0x000001C5B9F01810> ]
10:42:37 AM: DEBUG [conexion.py:49 Conexion obtenida del pool :<connection object at 0x000001C5B7D43DE0; dsn: 'user=postgres password=xxx dbname=test_db host=127.0.0.1 port=5432', closed: 0>]
10:42:37 AM: DEBUG [usuarioDao.py:15 Seleccionando Usuarios]
10:42:37 AM: DEBUG [cursor_del_pool.py:17 Se ejecuta metodo __extit]
10:42:37 AM: ERROR [cursor_del_pool.py:20 Ocurrio una excepciony se hace roolback: relation "usuarios" does not exist
LINE 1: SELECT * FROM Usuarios 
                      ^
<class 'psycopg2.errors.UndefinedTable'><traceback object at 0x000001C5B9F18500>]
10:43:21 AM: DEBUG [cursor_del_pool.py:10 inicio del metodo with __enter__]
10:43:21 AM: DEBUG [conexion.py:37 creacion del pool exitosa<psycopg2.pool.SimpleConnectionPool object at 0x000001840899BEE0> ]
10:43:21 AM: DEBUG [conexion.py:49 Conexion obtenida del pool :<connection object at 0x00000184083B3DE0; dsn: 'user=postgres password=xxx dbname=test_db host=127.0.0.1 port=5432', closed: 0>]
10:43:21 AM: DEBUG [cursor_del_pool.py:28 dentro del bloque with]
10:43:21 AM: DEBUG [cursor_del_pool.py:17 Se ejecuta metodo __extit]
10:43:21 AM: ERROR [cursor_del_pool.py:20 Ocurrio una excepciony se hace roolback: relation "usuarios" does not exist
LINE 1: SELECT * FROM Usuarios
                      ^
<class 'psycopg2.errors.UndefinedTable'><traceback object at 0x000001840A568340>]
10:44:37 AM: DEBUG [cursor_del_pool.py:10 inicio del metodo with __enter__]
10:44:37 AM: DEBUG [conexion.py:37 creacion del pool exitosa<psycopg2.pool.SimpleConnectionPool object at 0x000002345631BEE0> ]
10:44:37 AM: DEBUG [conexion.py:49 Conexion obtenida del pool :<connection object at 0x0000023455D33DE0; dsn: 'user=postgres password=xxx dbname=test_db host=127.0.0.1 port=5432', closed: 0>]
10:44:37 AM: DEBUG [cursor_del_pool.py:28 dentro del bloque with]
10:44:37 AM: DEBUG [cursor_del_pool.py:17 Se ejecuta metodo __extit]
10:44:37 AM: ERROR [cursor_del_pool.py:20 Ocurrio una excepciony se hace roolback: relation "usuarios" does not exist
LINE 1: SELECT * FROM Usuarios WHERE id_usuario = 1
                      ^
<class 'psycopg2.errors.UndefinedTable'><traceback object at 0x0000023457EC8700>]
10:45:55 AM: DEBUG [conexion.py:37 creacion del pool exitosa<psycopg2.pool.SimpleConnectionPool object at 0x000001B893275BD0> ]
10:45:55 AM: DEBUG [conexion.py:49 Conexion obtenida del pool :<connection object at 0x000001B890D93DE0; dsn: 'user=postgres password=xxx dbname=test_db host=127.0.0.1 port=5432', closed: 0>]
10:45:55 AM: DEBUG [conexion.py:57 Liberamos la conexion al pool <connection object at 0x000001B890D93DE0; dsn: 'user=postgres password=xxx dbname=test_db host=127.0.0.1 port=5432', closed: 0>]
10:45:55 AM: DEBUG [conexion.py:49 Conexion obtenida del pool :<connection object at 0x000001B890D93DE0; dsn: 'user=postgres password=xxx dbname=test_db host=127.0.0.1 port=5432', closed: 0>]
10:45:55 AM: DEBUG [conexion.py:49 Conexion obtenida del pool :<connection object at 0x000001B8932A86A0; dsn: 'user=postgres password=xxx dbname=test_db host=127.0.0.1 port=5432', closed: 0>]
10:45:55 AM: DEBUG [conexion.py:57 Liberamos la conexion al pool <connection object at 0x000001B8932A86A0; dsn: 'user=postgres password=xxx dbname=test_db host=127.0.0.1 port=5432', closed: 0>]
10:45:55 AM: DEBUG [conexion.py:49 Conexion obtenida del pool :<connection object at 0x000001B8932A86A0; dsn: 'user=postgres password=xxx dbname=test_db host=127.0.0.1 port=5432', closed: 0>]
10:45:55 AM: DEBUG [conexion.py:49 Conexion obtenida del pool :<connection object at 0x000001B8932A8040; dsn: 'user=postgres password=xxx dbname=test_db host=127.0.0.1 port=5432', closed: 0>]
10:45:55 AM: DEBUG [conexion.py:57 Liberamos la conexion al pool <connection object at 0x000001B8932A8040; dsn: 'user=postgres password=xxx dbname=test_db host=127.0.0.1 port=5432', closed: 0>]
10:45:55 AM: DEBUG [conexion.py:49 Conexion obtenida del pool :<connection object at 0x000001B8932A8040; dsn: 'user=postgres password=xxx dbname=test_db host=127.0.0.1 port=5432', closed: 0>]
10:46:11 AM: DEBUG [logger_base.py:12 Mensaje a nivel debug]
10:46:11 AM: INFO [logger_base.py:13 MENSAJE A NIVEL DE INFO]
10:46:11 AM: WARNING [logger_base.py:14 Mensaje a nivel warning]
10:46:11 AM: ERROR [logger_base.py:15 MENSAJE A NIVEL DE error]
10:46:11 AM: CRITICAL [logger_base.py:16 MENSAJE A NIVEL DE critico]
10:46:17 AM: DEBUG [cursor_del_pool.py:10 inicio del metodo with __enter__]
10:46:17 AM: DEBUG [conexion.py:37 creacion del pool exitosa<psycopg2.pool.SimpleConnectionPool object at 0x000001BC65B8BEE0> ]
10:46:17 AM: DEBUG [conexion.py:49 Conexion obtenida del pool :<connection object at 0x000001BC651F3DE0; dsn: 'user=postgres password=xxx dbname=test_db host=127.0.0.1 port=5432', closed: 0>]
10:46:17 AM: DEBUG [cursor_del_pool.py:28 dentro del bloque with]
10:46:17 AM: DEBUG [cursor_del_pool.py:17 Se ejecuta metodo __extit]
10:46:17 AM: ERROR [cursor_del_pool.py:20 Ocurrio una excepciony se hace roolback: relation "usuarios" does not exist
LINE 1: SELECT * FROM Usuarios WHERE id_usuario = 1
                      ^
<class 'psycopg2.errors.UndefinedTable'><traceback object at 0x000001BC67748700>]
10:47:48 AM: DEBUG [cursor_del_pool.py:10 inicio del metodo with __enter__]
10:47:48 AM: DEBUG [conexion.py:37 creacion del pool exitosa<psycopg2.pool.SimpleConnectionPool object at 0x0000020D92D3BEE0> ]
10:47:48 AM: DEBUG [conexion.py:49 Conexion obtenida del pool :<connection object at 0x0000020D92753DE0; dsn: 'user=postgres password=xxx dbname=test_db host=127.0.0.1 port=5432', closed: 0>]
10:47:48 AM: DEBUG [cursor_del_pool.py:28 dentro del bloque with]
10:47:48 AM: DEBUG [cursor_del_pool.py:17 Se ejecuta metodo __extit]
10:47:48 AM: ERROR [cursor_del_pool.py:20 Ocurrio una excepciony se hace roolback: relation "personas" does not exist
LINE 1: SELECT * FROM personas
                      ^
<class 'psycopg2.errors.UndefinedTable'><traceback object at 0x0000020D94908340>]
10:47:57 AM: DEBUG [cursor_del_pool.py:10 inicio del metodo with __enter__]
10:47:57 AM: DEBUG [conexion.py:37 creacion del pool exitosa<psycopg2.pool.SimpleConnectionPool object at 0x000001B80BB0BEE0> ]
10:47:57 AM: DEBUG [conexion.py:49 Conexion obtenida del pool :<connection object at 0x000001B80B523DE0; dsn: 'user=postgres password=xxx dbname=test_db host=127.0.0.1 port=5432', closed: 0>]
10:47:57 AM: DEBUG [cursor_del_pool.py:28 dentro del bloque with]
10:47:57 AM: DEBUG [cursor_del_pool.py:30 [(2, 'IVONNE', 'gomez', 'kk@dd'), (10, 'Maria', 'Perez', 'ksfoskmfm@mfksdmd'), (1, 'Juanff', 'kgkgjgf', 'kfkf@kfmkf'), (12, 'juan', 'sdfsfz', 'kuuusdmd'), (11, 'pedrito', 'dd', 'kfkf@kfmkf'), (13, 'jdjd', 'fff', 'gggf@'), (14, 'jdjd', 'fff', 'gggf@'), (15, 'jdjd', 'fff', 'gggf@'), (16, 'jdjd', 'fff', 'gggf@'), (17, 'jdjd', 'fff', 'gggf@'), (18, 'jdjd', 'fff', 'gggf@'), (9, 'jueres', 'ñññ@fsmfk', '9')]]
10:47:57 AM: DEBUG [cursor_del_pool.py:17 Se ejecuta metodo __extit]
10:47:57 AM: DEBUG [cursor_del_pool.py:23 commit de la transaccion]
10:47:57 AM: DEBUG [conexion.py:57 Liberamos la conexion al pool <connection object at 0x000001B80B523DE0; dsn: 'user=postgres password=xxx dbname=test_db host=127.0.0.1 port=5432', closed: 0>]
10:48:18 AM: DEBUG [cursor_del_pool.py:10 inicio del metodo with __enter__]
10:48:18 AM: DEBUG [conexion.py:37 creacion del pool exitosa<psycopg2.pool.SimpleConnectionPool object at 0x000001E1A569BEE0> ]
10:48:18 AM: DEBUG [conexion.py:49 Conexion obtenida del pool :<connection object at 0x000001E1A50B3DE0; dsn: 'user=postgres password=xxx dbname=test_db host=127.0.0.1 port=5432', closed: 0>]
10:48:18 AM: DEBUG [cursor_del_pool.py:28 dentro del bloque with]
10:48:18 AM: DEBUG [cursor_del_pool.py:17 Se ejecuta metodo __extit]
10:48:18 AM: ERROR [cursor_del_pool.py:20 Ocurrio una excepciony se hace roolback: relation "usuarios" does not exist
LINE 1: SELECT * FROM Usuarios
                      ^
<class 'psycopg2.errors.UndefinedTable'><traceback object at 0x000001E1A7248340>]
10:49:50 AM: DEBUG [cursor_del_pool.py:10 inicio del metodo with __enter__]
10:49:50 AM: DEBUG [conexion.py:37 creacion del pool exitosa<psycopg2.pool.SimpleConnectionPool object at 0x00000173A283BEE0> ]
10:49:50 AM: DEBUG [conexion.py:49 Conexion obtenida del pool :<connection object at 0x00000173A2253DE0; dsn: 'user=postgres password=xxx dbname=test_db host=127.0.0.1 port=5432', closed: 0>]
10:49:50 AM: DEBUG [cursor_del_pool.py:28 dentro del bloque with]
10:49:50 AM: DEBUG [cursor_del_pool.py:17 Se ejecuta metodo __extit]
10:49:50 AM: ERROR [cursor_del_pool.py:20 Ocurrio una excepciony se hace roolback: relation "usuarios" does not exist
LINE 1: SELECT * FROM Usuarios
                      ^
<class 'psycopg2.errors.UndefinedTable'><traceback object at 0x00000173A43F8300>]
10:50:39 AM: DEBUG [cursor_del_pool.py:10 inicio del metodo with __enter__]
10:50:39 AM: DEBUG [conexion.py:37 creacion del pool exitosa<psycopg2.pool.SimpleConnectionPool object at 0x00000227BC00BEE0> ]
10:50:39 AM: DEBUG [conexion.py:49 Conexion obtenida del pool :<connection object at 0x00000227BBA23DE0; dsn: 'user=postgres password=xxx dbname=test_db host=127.0.0.1 port=5432', closed: 0>]
10:50:39 AM: DEBUG [cursor_del_pool.py:28 dentro del bloque with]
10:50:39 AM: DEBUG [cursor_del_pool.py:17 Se ejecuta metodo __extit]
10:50:39 AM: ERROR [cursor_del_pool.py:20 Ocurrio una excepciony se hace roolback: relation "empleado" does not exist
LINE 1: SELECT * FROM Empleado
                      ^
<class 'psycopg2.errors.UndefinedTable'><traceback object at 0x00000227BDBB8340>]
10:51:03 AM: DEBUG [cursor_del_pool.py:10 inicio del metodo with __enter__]
10:51:03 AM: DEBUG [conexion.py:37 creacion del pool exitosa<psycopg2.pool.SimpleConnectionPool object at 0x0000016E54B7BEE0> ]
10:51:03 AM: DEBUG [conexion.py:49 Conexion obtenida del pool :<connection object at 0x0000016E54593DE0; dsn: 'user=postgres password=xxx dbname=test_db host=127.0.0.1 port=5432', closed: 0>]
10:51:03 AM: DEBUG [cursor_del_pool.py:28 dentro del bloque with]
10:51:03 AM: DEBUG [cursor_del_pool.py:17 Se ejecuta metodo __extit]
10:51:03 AM: ERROR [cursor_del_pool.py:20 Ocurrio una excepciony se hace roolback: relation "usuario" does not exist
LINE 1: SELECT * FROM Usuario
                      ^
<class 'psycopg2.errors.UndefinedTable'><traceback object at 0x0000016E56728300>]
11:04:25 AM: DEBUG [cursor_del_pool.py:10 inicio del metodo with __enter__]
11:04:25 AM: DEBUG [conexion.py:37 creacion del pool exitosa<psycopg2.pool.SimpleConnectionPool object at 0x0000024E14A8BEE0> ]
11:04:25 AM: DEBUG [conexion.py:49 Conexion obtenida del pool :<connection object at 0x0000024E144A3DE0; dsn: 'user=postgres password=xxx dbname=test_db host=127.0.0.1 port=5432', closed: 0>]
11:04:25 AM: DEBUG [cursor_del_pool.py:28 dentro del bloque with]
11:04:25 AM: DEBUG [cursor_del_pool.py:30 [(1, 'Juan\n', '123'), (2, 'karla', '456'), (3, 'gg', '789')]]
11:04:25 AM: DEBUG [cursor_del_pool.py:17 Se ejecuta metodo __extit]
11:04:25 AM: DEBUG [cursor_del_pool.py:23 commit de la transaccion]
11:04:25 AM: DEBUG [conexion.py:57 Liberamos la conexion al pool <connection object at 0x0000024E144A3DE0; dsn: 'user=postgres password=xxx dbname=test_db host=127.0.0.1 port=5432', closed: 0>]
11:04:51 AM: DEBUG [cursor_del_pool.py:10 inicio del metodo with __enter__]
11:04:51 AM: DEBUG [conexion.py:37 creacion del pool exitosa<psycopg2.pool.SimpleConnectionPool object at 0x00000156960EF670> ]
11:04:51 AM: DEBUG [conexion.py:49 Conexion obtenida del pool :<connection object at 0x0000015693F83DE0; dsn: 'user=postgres password=xxx dbname=test_db host=127.0.0.1 port=5432', closed: 0>]
11:04:51 AM: DEBUG [usuarioDao.py:15 Seleccionando Usuarios]
11:04:51 AM: DEBUG [cursor_del_pool.py:17 Se ejecuta metodo __extit]
11:04:51 AM: ERROR [cursor_del_pool.py:20 Ocurrio una excepciony se hace roolback: relation "usuarios" does not exist
LINE 1: SELECT * FROM Usuarios 
                      ^
<class 'psycopg2.errors.UndefinedTable'><traceback object at 0x00000156961291C0>]
11:05:48 AM: DEBUG [cursor_del_pool.py:10 inicio del metodo with __enter__]
11:05:49 AM: DEBUG [conexion.py:37 creacion del pool exitosa<psycopg2.pool.SimpleConnectionPool object at 0x00000201D2161870> ]
11:05:49 AM: DEBUG [conexion.py:49 Conexion obtenida del pool :<connection object at 0x00000201CFD73DE0; dsn: 'user=postgres password=xxx dbname=test_db host=127.0.0.1 port=5432', closed: 0>]
11:05:49 AM: DEBUG [usuarioDao.py:15 Seleccionando Usuarios]
11:05:49 AM: DEBUG [cursor_del_pool.py:17 Se ejecuta metodo __extit]
11:05:49 AM: ERROR [cursor_del_pool.py:20 Ocurrio una excepciony se hace roolback: relation "usuarios" does not exist
LINE 1: SELECT * FROM Usuarios
                      ^
<class 'psycopg2.errors.UndefinedTable'><traceback object at 0x00000201D21745C0>]
11:06:06 AM: DEBUG [cursor_del_pool.py:10 inicio del metodo with __enter__]
11:06:06 AM: DEBUG [conexion.py:37 creacion del pool exitosa<psycopg2.pool.SimpleConnectionPool object at 0x0000021C0EB81840> ]
11:06:06 AM: DEBUG [conexion.py:49 Conexion obtenida del pool :<connection object at 0x0000021C0C7A3DE0; dsn: 'user=postgres password=xxx dbname=test_db host=127.0.0.1 port=5432', closed: 0>]
11:06:06 AM: DEBUG [usuarioDao.py:15 Seleccionando Usuarios]
11:06:06 AM: DEBUG [cursor_del_pool.py:17 Se ejecuta metodo __extit]
11:06:06 AM: ERROR [cursor_del_pool.py:20 Ocurrio una excepciony se hace roolback: relation "usuarios" does not exist
LINE 1: SELECT * FROM Usuarios
                      ^
<class 'psycopg2.errors.UndefinedTable'><traceback object at 0x0000021C0EB945C0>]
11:07:06 AM: DEBUG [cursor_del_pool.py:10 inicio del metodo with __enter__]
11:07:06 AM: DEBUG [conexion.py:37 creacion del pool exitosa<psycopg2.pool.SimpleConnectionPool object at 0x000001D0A31D1810> ]
11:07:06 AM: DEBUG [conexion.py:49 Conexion obtenida del pool :<connection object at 0x000001D0A0DC3DE0; dsn: 'user=postgres password=xxx dbname=test_db host=127.0.0.1 port=5432', closed: 0>]
11:07:06 AM: DEBUG [usuarioDao.py:15 Seleccionando Usuarios]
11:07:06 AM: DEBUG [cursor_del_pool.py:17 Se ejecuta metodo __extit]
11:07:06 AM: DEBUG [cursor_del_pool.py:23 commit de la transaccion]
11:07:06 AM: DEBUG [conexion.py:57 Liberamos la conexion al pool <connection object at 0x000001D0A0DC3DE0; dsn: 'user=postgres password=xxx dbname=test_db host=127.0.0.1 port=5432', closed: 0>]
11:07:06 AM: DEBUG [usuarioDao.py:56 Datos del Usuario : Id:1, Nombre : Juan
, Contraseña: 123]
11:07:06 AM: DEBUG [usuarioDao.py:56 Datos del Usuario : Id:2, Nombre : karla, Contraseña: 456]
11:07:06 AM: DEBUG [usuarioDao.py:56 Datos del Usuario : Id:3, Nombre : gg, Contraseña: 789]
11:10:20 AM: DEBUG [cursor_del_pool.py:10 inicio del metodo with __enter__]
11:10:20 AM: DEBUG [conexion.py:37 creacion del pool exitosa<psycopg2.pool.SimpleConnectionPool object at 0x0000011EB20A1960> ]
11:10:20 AM: DEBUG [conexion.py:49 Conexion obtenida del pool :<connection object at 0x0000011EAFAE3DE0; dsn: 'user=postgres password=xxx dbname=test_db host=127.0.0.1 port=5432', closed: 0>]
11:10:20 AM: DEBUG [usuarioDao.py:26 Usuario a insertar:Datos del Usuario : Id:None, Nombre : jdjd, Contraseña: 12333]
11:10:20 AM: DEBUG [cursor_del_pool.py:17 Se ejecuta metodo __extit]
11:10:20 AM: DEBUG [cursor_del_pool.py:23 commit de la transaccion]
11:10:20 AM: DEBUG [conexion.py:57 Liberamos la conexion al pool <connection object at 0x0000011EAFAE3DE0; dsn: 'user=postgres password=xxx dbname=test_db host=127.0.0.1 port=5432', closed: 0>]
11:10:20 AM: DEBUG [usuarioDao.py:57 Personas insertadas1]
11:10:20 AM: DEBUG [cursor_del_pool.py:10 inicio del metodo with __enter__]
11:10:20 AM: DEBUG [conexion.py:49 Conexion obtenida del pool :<connection object at 0x0000011EAFAE3DE0; dsn: 'user=postgres password=xxx dbname=test_db host=127.0.0.1 port=5432', closed: 0>]
11:10:20 AM: DEBUG [usuarioDao.py:15 Seleccionando Usuarios]
11:10:20 AM: DEBUG [cursor_del_pool.py:17 Se ejecuta metodo __extit]
11:10:20 AM: DEBUG [cursor_del_pool.py:23 commit de la transaccion]
11:10:20 AM: DEBUG [conexion.py:57 Liberamos la conexion al pool <connection object at 0x0000011EAFAE3DE0; dsn: 'user=postgres password=xxx dbname=test_db host=127.0.0.1 port=5432', closed: 0>]
11:10:20 AM: DEBUG [usuarioDao.py:60 Datos del Usuario : Id:1, Nombre : Juan
, Contraseña: 123]
11:10:20 AM: DEBUG [usuarioDao.py:60 Datos del Usuario : Id:2, Nombre : karla, Contraseña: 456]
11:10:20 AM: DEBUG [usuarioDao.py:60 Datos del Usuario : Id:3, Nombre : gg, Contraseña: 789]
11:10:20 AM: DEBUG [usuarioDao.py:60 Datos del Usuario : Id:4, Nombre : jdjd, Contraseña: 12333]
11:12:00 AM: DEBUG [cursor_del_pool.py:10 inicio del metodo with __enter__]
11:12:00 AM: DEBUG [conexion.py:37 creacion del pool exitosa<psycopg2.pool.SimpleConnectionPool object at 0x00000235981E1930> ]
11:12:00 AM: DEBUG [conexion.py:49 Conexion obtenida del pool :<connection object at 0x0000023596043DE0; dsn: 'user=postgres password=xxx dbname=test_db host=127.0.0.1 port=5432', closed: 0>]
11:12:00 AM: DEBUG [usuarioDao.py:34 usuario a actualizar:Datos del Usuario : Id:Fresa, Nombre : 11111, Contraseña: 3]
11:12:00 AM: DEBUG [cursor_del_pool.py:17 Se ejecuta metodo __extit]
11:12:00 AM: ERROR [cursor_del_pool.py:20 Ocurrio una excepciony se hace roolback: syntax error at or near "="
LINE 1: UPDATE "Usuarios" SET(username = 11111, password=3) WHERE id...
                                       ^
<class 'psycopg2.errors.SyntaxError'><traceback object at 0x00000235981F5000>]
11:12:41 AM: DEBUG [cursor_del_pool.py:10 inicio del metodo with __enter__]
11:12:41 AM: DEBUG [conexion.py:37 creacion del pool exitosa<psycopg2.pool.SimpleConnectionPool object at 0x0000029141071930> ]
11:12:41 AM: DEBUG [conexion.py:49 Conexion obtenida del pool :<connection object at 0x000002913EEF3DE0; dsn: 'user=postgres password=xxx dbname=test_db host=127.0.0.1 port=5432', closed: 0>]
11:12:41 AM: DEBUG [usuarioDao.py:34 usuario a actualizar:Datos del Usuario : Id:Fresa, Nombre : 11111, Contraseña: 3]
11:12:41 AM: DEBUG [cursor_del_pool.py:17 Se ejecuta metodo __extit]
11:12:41 AM: ERROR [cursor_del_pool.py:20 Ocurrio una excepciony se hace roolback: syntax error at or near "="
LINE 1: UPDATE "Usuarios" SET(username = 11111, password=3) WHERE id...
                                       ^
<class 'psycopg2.errors.SyntaxError'><traceback object at 0x0000029141084D40>]
11:13:11 AM: DEBUG [cursor_del_pool.py:10 inicio del metodo with __enter__]
11:13:11 AM: DEBUG [conexion.py:37 creacion del pool exitosa<psycopg2.pool.SimpleConnectionPool object at 0x00000197944A1930> ]
11:13:11 AM: DEBUG [conexion.py:49 Conexion obtenida del pool :<connection object at 0x00000197922E3DE0; dsn: 'user=postgres password=xxx dbname=test_db host=127.0.0.1 port=5432', closed: 0>]
11:13:11 AM: DEBUG [usuarioDao.py:34 usuario a actualizar:Datos del Usuario : Id:Fresa, Nombre : 11111, Contraseña: 3]
11:13:11 AM: DEBUG [cursor_del_pool.py:17 Se ejecuta metodo __extit]
11:13:11 AM: ERROR [cursor_del_pool.py:20 Ocurrio una excepciony se hace roolback: syntax error at or near "="
LINE 1: UPDATE "Usuarios" SET(username= 11111, password=3) WHERE id_...
                                      ^
<class 'psycopg2.errors.SyntaxError'><traceback object at 0x00000197944B4EC0>]
11:13:15 AM: DEBUG [cursor_del_pool.py:10 inicio del metodo with __enter__]
11:13:15 AM: DEBUG [conexion.py:37 creacion del pool exitosa<psycopg2.pool.SimpleConnectionPool object at 0x0000018F1DE91930> ]
11:13:15 AM: DEBUG [conexion.py:49 Conexion obtenida del pool :<connection object at 0x0000018F1BD13DE0; dsn: 'user=postgres password=xxx dbname=test_db host=127.0.0.1 port=5432', closed: 0>]
11:13:15 AM: DEBUG [usuarioDao.py:34 usuario a actualizar:Datos del Usuario : Id:Fresa, Nombre : 11111, Contraseña: 3]
11:13:15 AM: DEBUG [cursor_del_pool.py:17 Se ejecuta metodo __extit]
11:13:15 AM: ERROR [cursor_del_pool.py:20 Ocurrio una excepciony se hace roolback: syntax error at or near "="
LINE 1: UPDATE "Usuarios" SET(username=11111, password=3) WHERE id_u...
                                      ^
<class 'psycopg2.errors.SyntaxError'><traceback object at 0x0000018F1DEA5000>]
11:13:28 AM: DEBUG [cursor_del_pool.py:10 inicio del metodo with __enter__]
11:13:28 AM: DEBUG [conexion.py:37 creacion del pool exitosa<psycopg2.pool.SimpleConnectionPool object at 0x0000021A70621930> ]
11:13:28 AM: DEBUG [conexion.py:49 Conexion obtenida del pool :<connection object at 0x0000021A6E443DE0; dsn: 'user=postgres password=xxx dbname=test_db host=127.0.0.1 port=5432', closed: 0>]
11:13:28 AM: DEBUG [usuarioDao.py:34 usuario a actualizar:Datos del Usuario : Id:Fresa, Nombre : 11111, Contraseña: 3]
11:13:28 AM: DEBUG [cursor_del_pool.py:17 Se ejecuta metodo __extit]
11:13:28 AM: ERROR [cursor_del_pool.py:20 Ocurrio una excepciony se hace roolback: syntax error at or near "="
LINE 1: UPDATE "Usuarios" SET(username= 11111, password=3) WHERE id_...
                                      ^
<class 'psycopg2.errors.SyntaxError'><traceback object at 0x0000021A70635000>]
11:13:33 AM: DEBUG [cursor_del_pool.py:10 inicio del metodo with __enter__]
11:13:33 AM: DEBUG [conexion.py:37 creacion del pool exitosa<psycopg2.pool.SimpleConnectionPool object at 0x0000026BA24E1930> ]
11:13:33 AM: DEBUG [conexion.py:49 Conexion obtenida del pool :<connection object at 0x0000026B9FFA3DE0; dsn: 'user=postgres password=xxx dbname=test_db host=127.0.0.1 port=5432', closed: 0>]
11:13:33 AM: DEBUG [usuarioDao.py:34 usuario a actualizar:Datos del Usuario : Id:Fresa, Nombre : 11111, Contraseña: 3]
11:13:33 AM: DEBUG [cursor_del_pool.py:17 Se ejecuta metodo __extit]
11:13:33 AM: ERROR [cursor_del_pool.py:20 Ocurrio una excepciony se hace roolback: syntax error at or near "="
LINE 1: UPDATE "Usuarios" SET(username= 11111, password= 3) WHERE id...
                                      ^
<class 'psycopg2.errors.SyntaxError'><traceback object at 0x0000026BA24F5000>]
11:13:46 AM: DEBUG [cursor_del_pool.py:10 inicio del metodo with __enter__]
11:13:46 AM: DEBUG [conexion.py:37 creacion del pool exitosa<psycopg2.pool.SimpleConnectionPool object at 0x000002704EEB1930> ]
11:13:46 AM: DEBUG [conexion.py:49 Conexion obtenida del pool :<connection object at 0x000002704CD33DE0; dsn: 'user=postgres password=xxx dbname=test_db host=127.0.0.1 port=5432', closed: 0>]
11:13:46 AM: DEBUG [usuarioDao.py:34 usuario a actualizar:Datos del Usuario : Id:Fresa, Nombre : 11111, Contraseña: 3]
11:13:46 AM: DEBUG [cursor_del_pool.py:17 Se ejecuta metodo __extit]
11:13:46 AM: ERROR [cursor_del_pool.py:20 Ocurrio una excepciony se hace roolback: syntax error at or near "=="
LINE 1: UPDATE "Usuarios" SET(username== 11111, password= 3) WHERE i...
                                      ^
<class 'psycopg2.errors.SyntaxError'><traceback object at 0x000002704EEC4D40>]
11:15:27 AM: DEBUG [cursor_del_pool.py:10 inicio del metodo with __enter__]
11:15:27 AM: DEBUG [conexion.py:37 creacion del pool exitosa<psycopg2.pool.SimpleConnectionPool object at 0x0000024E9C561930> ]
11:15:27 AM: DEBUG [conexion.py:49 Conexion obtenida del pool :<connection object at 0x0000024E9A033DE0; dsn: 'user=postgres password=xxx dbname=test_db host=127.0.0.1 port=5432', closed: 0>]
11:15:27 AM: DEBUG [usuarioDao.py:42 Usuario eliminado:Datos del Usuario : Id:3, Nombre : None, Contraseña: None]
11:15:27 AM: DEBUG [cursor_del_pool.py:17 Se ejecuta metodo __extit]
11:15:27 AM: ERROR [cursor_del_pool.py:20 Ocurrio una excepciony se hace roolback: column "id_usuarios" does not exist
LINE 1: DELETE FROM "Usuarios" WHERE id_usuarios = NULL
                                     ^
HINT:  Perhaps you meant to reference the column "Usuarios.id_usuario".
<class 'psycopg2.errors.UndefinedColumn'><traceback object at 0x0000024E9C574980>]
11:16:13 AM: DEBUG [cursor_del_pool.py:10 inicio del metodo with __enter__]
11:16:13 AM: DEBUG [conexion.py:37 creacion del pool exitosa<psycopg2.pool.SimpleConnectionPool object at 0x000001EEB5171930> ]
11:16:13 AM: DEBUG [conexion.py:49 Conexion obtenida del pool :<connection object at 0x000001EEB2C33DE0; dsn: 'user=postgres password=xxx dbname=test_db host=127.0.0.1 port=5432', closed: 0>]
11:16:13 AM: DEBUG [usuarioDao.py:42 Usuario eliminado:Datos del Usuario : Id:3, Nombre : None, Contraseña: None]
11:16:13 AM: DEBUG [cursor_del_pool.py:17 Se ejecuta metodo __extit]
11:16:13 AM: DEBUG [cursor_del_pool.py:23 commit de la transaccion]
11:16:13 AM: DEBUG [conexion.py:57 Liberamos la conexion al pool <connection object at 0x000001EEB2C33DE0; dsn: 'user=postgres password=xxx dbname=test_db host=127.0.0.1 port=5432', closed: 0>]
11:16:13 AM: DEBUG [usuarioDao.py:66 Persona eliminada0]
11:16:13 AM: DEBUG [cursor_del_pool.py:10 inicio del metodo with __enter__]
11:16:13 AM: DEBUG [conexion.py:49 Conexion obtenida del pool :<connection object at 0x000001EEB2C33DE0; dsn: 'user=postgres password=xxx dbname=test_db host=127.0.0.1 port=5432', closed: 0>]
11:16:13 AM: DEBUG [usuarioDao.py:15 Seleccionando Usuarios]
11:16:13 AM: DEBUG [cursor_del_pool.py:17 Se ejecuta metodo __extit]
11:16:13 AM: DEBUG [cursor_del_pool.py:23 commit de la transaccion]
11:16:13 AM: DEBUG [conexion.py:57 Liberamos la conexion al pool <connection object at 0x000001EEB2C33DE0; dsn: 'user=postgres password=xxx dbname=test_db host=127.0.0.1 port=5432', closed: 0>]
11:16:13 AM: DEBUG [usuarioDao.py:69 Datos del Usuario : Id:1, Nombre : Juan
, Contraseña: 123]
11:16:13 AM: DEBUG [usuarioDao.py:69 Datos del Usuario : Id:2, Nombre : karla, Contraseña: 456]
11:16:13 AM: DEBUG [usuarioDao.py:69 Datos del Usuario : Id:3, Nombre : gg, Contraseña: 789]
11:16:13 AM: DEBUG [usuarioDao.py:69 Datos del Usuario : Id:4, Nombre : jdjd, Contraseña: 12333]
11:16:45 AM: DEBUG [cursor_del_pool.py:10 inicio del metodo with __enter__]
11:16:45 AM: DEBUG [conexion.py:37 creacion del pool exitosa<psycopg2.pool.SimpleConnectionPool object at 0x0000022CBE2A1900> ]
11:16:45 AM: DEBUG [conexion.py:49 Conexion obtenida del pool :<connection object at 0x0000022CBC0D3DE0; dsn: 'user=postgres password=xxx dbname=test_db host=127.0.0.1 port=5432', closed: 0>]
11:16:45 AM: DEBUG [usuarioDao.py:42 Usuario eliminado:Datos del Usuario : Id:1, Nombre : None, Contraseña: None]
11:16:45 AM: DEBUG [cursor_del_pool.py:17 Se ejecuta metodo __extit]
11:16:45 AM: DEBUG [cursor_del_pool.py:23 commit de la transaccion]
11:16:45 AM: DEBUG [conexion.py:57 Liberamos la conexion al pool <connection object at 0x0000022CBC0D3DE0; dsn: 'user=postgres password=xxx dbname=test_db host=127.0.0.1 port=5432', closed: 0>]
11:16:45 AM: DEBUG [usuarioDao.py:66 Persona eliminada0]
11:16:45 AM: DEBUG [cursor_del_pool.py:10 inicio del metodo with __enter__]
11:16:45 AM: DEBUG [conexion.py:49 Conexion obtenida del pool :<connection object at 0x0000022CBC0D3DE0; dsn: 'user=postgres password=xxx dbname=test_db host=127.0.0.1 port=5432', closed: 0>]
11:16:45 AM: DEBUG [usuarioDao.py:15 Seleccionando Usuarios]
11:16:45 AM: DEBUG [cursor_del_pool.py:17 Se ejecuta metodo __extit]
11:16:45 AM: DEBUG [cursor_del_pool.py:23 commit de la transaccion]
11:16:45 AM: DEBUG [conexion.py:57 Liberamos la conexion al pool <connection object at 0x0000022CBC0D3DE0; dsn: 'user=postgres password=xxx dbname=test_db host=127.0.0.1 port=5432', closed: 0>]
11:16:45 AM: DEBUG [usuarioDao.py:69 Datos del Usuario : Id:1, Nombre : Juan
, Contraseña: 123]
11:16:45 AM: DEBUG [usuarioDao.py:69 Datos del Usuario : Id:2, Nombre : karla, Contraseña: 456]
11:16:45 AM: DEBUG [usuarioDao.py:69 Datos del Usuario : Id:3, Nombre : gg, Contraseña: 789]
11:16:45 AM: DEBUG [usuarioDao.py:69 Datos del Usuario : Id:4, Nombre : jdjd, Contraseña: 12333]
09:35:55 AM: DEBUG [cursor_del_pool.py:10 inicio del metodo with __enter__]
09:35:55 AM: DEBUG [conexion.py:37 creacion del pool exitosa<psycopg2.pool.SimpleConnectionPool object at 0x0000015A41971900> ]
09:35:55 AM: DEBUG [conexion.py:49 Conexion obtenida del pool :<connection object at 0x0000015A3F7F3DE0; dsn: 'user=postgres password=xxx dbname=test_db host=127.0.0.1 port=5432', closed: 0>]
09:35:55 AM: DEBUG [usuarioDao.py:42 Usuario eliminado:Datos del Usuario : Id:1, Nombre : None, Contraseña: None]
09:35:55 AM: DEBUG [cursor_del_pool.py:17 Se ejecuta metodo __extit]
09:35:55 AM: DEBUG [cursor_del_pool.py:23 commit de la transaccion]
09:35:55 AM: DEBUG [conexion.py:57 Liberamos la conexion al pool <connection object at 0x0000015A3F7F3DE0; dsn: 'user=postgres password=xxx dbname=test_db host=127.0.0.1 port=5432', closed: 0>]
09:35:55 AM: DEBUG [usuarioDao.py:66 Persona eliminada0]
09:35:55 AM: DEBUG [cursor_del_pool.py:10 inicio del metodo with __enter__]
09:35:55 AM: DEBUG [conexion.py:49 Conexion obtenida del pool :<connection object at 0x0000015A3F7F3DE0; dsn: 'user=postgres password=xxx dbname=test_db host=127.0.0.1 port=5432', closed: 0>]
09:35:55 AM: DEBUG [usuarioDao.py:15 Seleccionando Usuarios]
09:35:55 AM: DEBUG [cursor_del_pool.py:17 Se ejecuta metodo __extit]
09:35:55 AM: DEBUG [cursor_del_pool.py:23 commit de la transaccion]
09:35:55 AM: DEBUG [conexion.py:57 Liberamos la conexion al pool <connection object at 0x0000015A3F7F3DE0; dsn: 'user=postgres password=xxx dbname=test_db host=127.0.0.1 port=5432', closed: 0>]
09:35:55 AM: DEBUG [usuarioDao.py:69 Datos del Usuario : Id:1, Nombre : Juan
, Contraseña: 123]
09:35:55 AM: DEBUG [usuarioDao.py:69 Datos del Usuario : Id:2, Nombre : karla, Contraseña: 456]
09:35:55 AM: DEBUG [usuarioDao.py:69 Datos del Usuario : Id:3, Nombre : gg, Contraseña: 789]
09:35:55 AM: DEBUG [usuarioDao.py:69 Datos del Usuario : Id:4, Nombre : jdjd, Contraseña: 12333]
09:36:08 AM: DEBUG [cursor_del_pool.py:10 inicio del metodo with __enter__]
09:36:08 AM: DEBUG [conexion.py:37 creacion del pool exitosa<psycopg2.pool.SimpleConnectionPool object at 0x000001D71E941930> ]
09:36:08 AM: DEBUG [conexion.py:49 Conexion obtenida del pool :<connection object at 0x000001D71C763DE0; dsn: 'user=postgres password=xxx dbname=test_db host=127.0.0.1 port=5432', closed: 0>]
09:36:08 AM: DEBUG [usuarioDao.py:42 Usuario eliminado:Datos del Usuario : Id:4, Nombre : None, Contraseña: None]
09:36:08 AM: DEBUG [cursor_del_pool.py:17 Se ejecuta metodo __extit]
09:36:08 AM: DEBUG [cursor_del_pool.py:23 commit de la transaccion]
09:36:08 AM: DEBUG [conexion.py:57 Liberamos la conexion al pool <connection object at 0x000001D71C763DE0; dsn: 'user=postgres password=xxx dbname=test_db host=127.0.0.1 port=5432', closed: 0>]
09:36:08 AM: DEBUG [usuarioDao.py:66 Persona eliminada0]
09:36:08 AM: DEBUG [cursor_del_pool.py:10 inicio del metodo with __enter__]
09:36:08 AM: DEBUG [conexion.py:49 Conexion obtenida del pool :<connection object at 0x000001D71C763DE0; dsn: 'user=postgres password=xxx dbname=test_db host=127.0.0.1 port=5432', closed: 0>]
09:36:08 AM: DEBUG [usuarioDao.py:15 Seleccionando Usuarios]
09:36:08 AM: DEBUG [cursor_del_pool.py:17 Se ejecuta metodo __extit]
09:36:08 AM: DEBUG [cursor_del_pool.py:23 commit de la transaccion]
09:36:08 AM: DEBUG [conexion.py:57 Liberamos la conexion al pool <connection object at 0x000001D71C763DE0; dsn: 'user=postgres password=xxx dbname=test_db host=127.0.0.1 port=5432', closed: 0>]
09:36:08 AM: DEBUG [usuarioDao.py:69 Datos del Usuario : Id:1, Nombre : Juan
, Contraseña: 123]
09:36:08 AM: DEBUG [usuarioDao.py:69 Datos del Usuario : Id:2, Nombre : karla, Contraseña: 456]
09:36:08 AM: DEBUG [usuarioDao.py:69 Datos del Usuario : Id:3, Nombre : gg, Contraseña: 789]
09:36:08 AM: DEBUG [usuarioDao.py:69 Datos del Usuario : Id:4, Nombre : jdjd, Contraseña: 12333]
09:36:35 AM: DEBUG [cursor_del_pool.py:10 inicio del metodo with __enter__]
09:36:35 AM: DEBUG [conexion.py:37 creacion del pool exitosa<psycopg2.pool.SimpleConnectionPool object at 0x00000198650C1930> ]
09:36:35 AM: DEBUG [conexion.py:49 Conexion obtenida del pool :<connection object at 0x0000019862B83DE0; dsn: 'user=postgres password=xxx dbname=test_db host=127.0.0.1 port=5432', closed: 0>]
09:36:35 AM: DEBUG [usuarioDao.py:42 Usuario eliminado:Datos del Usuario : Id:4, Nombre : None, Contraseña: None]
09:36:35 AM: DEBUG [cursor_del_pool.py:17 Se ejecuta metodo __extit]
09:36:35 AM: ERROR [cursor_del_pool.py:20 Ocurrio una excepciony se hace roolback: relation "usuarios" does not exist
LINE 1: DELETE FROM Usuarios WHERE id_usuario = NULL
                    ^
<class 'psycopg2.errors.UndefinedTable'><traceback object at 0x00000198650D88C0>]
09:36:46 AM: DEBUG [cursor_del_pool.py:10 inicio del metodo with __enter__]
09:36:46 AM: DEBUG [conexion.py:37 creacion del pool exitosa<psycopg2.pool.SimpleConnectionPool object at 0x0000022A66DF1930> ]
09:36:46 AM: DEBUG [conexion.py:49 Conexion obtenida del pool :<connection object at 0x0000022A64C73DE0; dsn: 'user=postgres password=xxx dbname=test_db host=127.0.0.1 port=5432', closed: 0>]
09:36:46 AM: DEBUG [usuarioDao.py:42 Usuario eliminado:Datos del Usuario : Id:4, Nombre : None, Contraseña: None]
09:36:46 AM: DEBUG [cursor_del_pool.py:17 Se ejecuta metodo __extit]
09:36:46 AM: ERROR [cursor_del_pool.py:20 Ocurrio una excepciony se hace roolback: column "NULL" does not exist
LINE 1: DELETE FROM "Usuarios" WHERE id_usuario = "NULL"
                                                  ^
<class 'psycopg2.errors.UndefinedColumn'><traceback object at 0x0000022A66E08840>]
09:36:56 AM: DEBUG [cursor_del_pool.py:10 inicio del metodo with __enter__]
09:36:56 AM: DEBUG [conexion.py:37 creacion del pool exitosa<psycopg2.pool.SimpleConnectionPool object at 0x000001793C871930> ]
09:36:56 AM: DEBUG [conexion.py:49 Conexion obtenida del pool :<connection object at 0x000001793A693DE0; dsn: 'user=postgres password=xxx dbname=test_db host=127.0.0.1 port=5432', closed: 0>]
09:36:56 AM: DEBUG [usuarioDao.py:42 Usuario eliminado:Datos del Usuario : Id:4, Nombre : None, Contraseña: None]
09:36:56 AM: DEBUG [cursor_del_pool.py:17 Se ejecuta metodo __extit]
09:36:56 AM: DEBUG [cursor_del_pool.py:23 commit de la transaccion]
09:36:56 AM: DEBUG [conexion.py:57 Liberamos la conexion al pool <connection object at 0x000001793A693DE0; dsn: 'user=postgres password=xxx dbname=test_db host=127.0.0.1 port=5432', closed: 0>]
09:36:56 AM: DEBUG [usuarioDao.py:66 Persona eliminada0]
09:36:56 AM: DEBUG [cursor_del_pool.py:10 inicio del metodo with __enter__]
09:36:56 AM: DEBUG [conexion.py:49 Conexion obtenida del pool :<connection object at 0x000001793A693DE0; dsn: 'user=postgres password=xxx dbname=test_db host=127.0.0.1 port=5432', closed: 0>]
09:36:56 AM: DEBUG [usuarioDao.py:15 Seleccionando Usuarios]
09:36:56 AM: DEBUG [cursor_del_pool.py:17 Se ejecuta metodo __extit]
09:36:56 AM: DEBUG [cursor_del_pool.py:23 commit de la transaccion]
09:36:56 AM: DEBUG [conexion.py:57 Liberamos la conexion al pool <connection object at 0x000001793A693DE0; dsn: 'user=postgres password=xxx dbname=test_db host=127.0.0.1 port=5432', closed: 0>]
09:36:56 AM: DEBUG [usuarioDao.py:69 Datos del Usuario : Id:1, Nombre : Juan
, Contraseña: 123]
09:36:56 AM: DEBUG [usuarioDao.py:69 Datos del Usuario : Id:2, Nombre : karla, Contraseña: 456]
09:36:56 AM: DEBUG [usuarioDao.py:69 Datos del Usuario : Id:3, Nombre : gg, Contraseña: 789]
09:36:56 AM: DEBUG [usuarioDao.py:69 Datos del Usuario : Id:4, Nombre : jdjd, Contraseña: 12333]
09:42:52 AM: DEBUG [conexion.py:37 creacion del pool exitosa<psycopg2.pool.SimpleConnectionPool object at 0x0000026C2F6E5BD0> ]
09:42:52 AM: DEBUG [conexion.py:49 Conexion obtenida del pool :<connection object at 0x0000026C2D583DE0; dsn: 'user=postgres password=xxx dbname=test_db host=127.0.0.1 port=5432', closed: 0>]
09:42:52 AM: DEBUG [conexion.py:57 Liberamos la conexion al pool <connection object at 0x0000026C2D583DE0; dsn: 'user=postgres password=xxx dbname=test_db host=127.0.0.1 port=5432', closed: 0>]
09:42:52 AM: DEBUG [conexion.py:49 Conexion obtenida del pool :<connection object at 0x0000026C2D583DE0; dsn: 'user=postgres password=xxx dbname=test_db host=127.0.0.1 port=5432', closed: 0>]
09:42:52 AM: DEBUG [conexion.py:49 Conexion obtenida del pool :<connection object at 0x0000026C2F7186A0; dsn: 'user=postgres password=xxx dbname=test_db host=127.0.0.1 port=5432', closed: 0>]
09:42:52 AM: DEBUG [conexion.py:57 Liberamos la conexion al pool <connection object at 0x0000026C2F7186A0; dsn: 'user=postgres password=xxx dbname=test_db host=127.0.0.1 port=5432', closed: 0>]
09:42:52 AM: DEBUG [conexion.py:49 Conexion obtenida del pool :<connection object at 0x0000026C2F7186A0; dsn: 'user=postgres password=xxx dbname=test_db host=127.0.0.1 port=5432', closed: 0>]
09:42:52 AM: DEBUG [conexion.py:49 Conexion obtenida del pool :<connection object at 0x0000026C2F718040; dsn: 'user=postgres password=xxx dbname=test_db host=127.0.0.1 port=5432', closed: 0>]
09:42:52 AM: DEBUG [conexion.py:57 Liberamos la conexion al pool <connection object at 0x0000026C2F718040; dsn: 'user=postgres password=xxx dbname=test_db host=127.0.0.1 port=5432', closed: 0>]
09:42:52 AM: DEBUG [conexion.py:49 Conexion obtenida del pool :<connection object at 0x0000026C2F718040; dsn: 'user=postgres password=xxx dbname=test_db host=127.0.0.1 port=5432', closed: 0>]
09:42:56 AM: DEBUG [conexion.py:37 creacion del pool exitosa<psycopg2.pool.SimpleConnectionPool object at 0x0000021DCB995BD0> ]
09:42:56 AM: DEBUG [conexion.py:49 Conexion obtenida del pool :<connection object at 0x0000021DC9863DE0; dsn: 'user=postgres password=xxx dbname=test_db host=127.0.0.1 port=5432', closed: 0>]
09:42:56 AM: DEBUG [conexion.py:57 Liberamos la conexion al pool <connection object at 0x0000021DC9863DE0; dsn: 'user=postgres password=xxx dbname=test_db host=127.0.0.1 port=5432', closed: 0>]
09:42:56 AM: DEBUG [conexion.py:49 Conexion obtenida del pool :<connection object at 0x0000021DC9863DE0; dsn: 'user=postgres password=xxx dbname=test_db host=127.0.0.1 port=5432', closed: 0>]
09:42:56 AM: DEBUG [conexion.py:49 Conexion obtenida del pool :<connection object at 0x0000021DCB9C86A0; dsn: 'user=postgres password=xxx dbname=test_db host=127.0.0.1 port=5432', closed: 0>]
09:42:56 AM: DEBUG [conexion.py:57 Liberamos la conexion al pool <connection object at 0x0000021DCB9C86A0; dsn: 'user=postgres password=xxx dbname=test_db host=127.0.0.1 port=5432', closed: 0>]
09:42:56 AM: DEBUG [conexion.py:49 Conexion obtenida del pool :<connection object at 0x0000021DCB9C86A0; dsn: 'user=postgres password=xxx dbname=test_db host=127.0.0.1 port=5432', closed: 0>]
09:42:56 AM: DEBUG [conexion.py:49 Conexion obtenida del pool :<connection object at 0x0000021DCB9C8040; dsn: 'user=postgres password=xxx dbname=test_db host=127.0.0.1 port=5432', closed: 0>]
09:42:56 AM: DEBUG [conexion.py:57 Liberamos la conexion al pool <connection object at 0x0000021DCB9C8040; dsn: 'user=postgres password=xxx dbname=test_db host=127.0.0.1 port=5432', closed: 0>]
09:42:56 AM: DEBUG [conexion.py:49 Conexion obtenida del pool :<connection object at 0x0000021DCB9C8040; dsn: 'user=postgres password=xxx dbname=test_db host=127.0.0.1 port=5432', closed: 0>]
09:47:13 AM: DEBUG [cursor_del_pool.py:10 inicio del metodo with __enter__]
09:47:13 AM: DEBUG [conexion.py:37 creacion del pool exitosa<psycopg2.pool.SimpleConnectionPool object at 0x000001E60EAA1960> ]
09:47:13 AM: DEBUG [conexion.py:49 Conexion obtenida del pool :<connection object at 0x000001E60C8D3DE0; dsn: 'user=postgres password=xxx dbname=test_db host=127.0.0.1 port=5432', closed: 0>]
09:47:13 AM: DEBUG [usuarioDao.py:26 Usuario a insertar:Datos del Usuario : Id:None, Nombre : holman, Contraseña: 9999]
09:47:13 AM: DEBUG [cursor_del_pool.py:17 Se ejecuta metodo __extit]
09:47:13 AM: DEBUG [cursor_del_pool.py:23 commit de la transaccion]
09:47:13 AM: DEBUG [conexion.py:57 Liberamos la conexion al pool <connection object at 0x000001E60C8D3DE0; dsn: 'user=postgres password=xxx dbname=test_db host=127.0.0.1 port=5432', closed: 0>]
09:47:13 AM: DEBUG [usuarioDao.py:57 Personas insertadas1]
09:47:13 AM: DEBUG [cursor_del_pool.py:10 inicio del metodo with __enter__]
09:47:13 AM: DEBUG [conexion.py:49 Conexion obtenida del pool :<connection object at 0x000001E60C8D3DE0; dsn: 'user=postgres password=xxx dbname=test_db host=127.0.0.1 port=5432', closed: 0>]
09:47:13 AM: DEBUG [usuarioDao.py:15 Seleccionando Usuarios]
09:47:13 AM: DEBUG [cursor_del_pool.py:17 Se ejecuta metodo __extit]
09:47:13 AM: DEBUG [cursor_del_pool.py:23 commit de la transaccion]
09:47:13 AM: DEBUG [conexion.py:57 Liberamos la conexion al pool <connection object at 0x000001E60C8D3DE0; dsn: 'user=postgres password=xxx dbname=test_db host=127.0.0.1 port=5432', closed: 0>]
09:47:13 AM: DEBUG [usuarioDao.py:60 Datos del Usuario : Id:1, Nombre : Juan
, Contraseña: 123]
09:47:13 AM: DEBUG [usuarioDao.py:60 Datos del Usuario : Id:2, Nombre : karla, Contraseña: 456]
09:47:13 AM: DEBUG [usuarioDao.py:60 Datos del Usuario : Id:3, Nombre : gg, Contraseña: 789]
09:47:13 AM: DEBUG [usuarioDao.py:60 Datos del Usuario : Id:4, Nombre : jdjd, Contraseña: 12333]
09:47:13 AM: DEBUG [usuarioDao.py:60 Datos del Usuario : Id:5, Nombre : holman, Contraseña: 9999]
09:49:39 AM: DEBUG [cursor_del_pool.py:10 inicio del metodo with __enter__]
09:49:39 AM: DEBUG [conexion.py:37 creacion del pool exitosa<psycopg2.pool.SimpleConnectionPool object at 0x000001BEB2FB1930> ]
09:49:39 AM: DEBUG [conexion.py:49 Conexion obtenida del pool :<connection object at 0x000001BEB0E13DE0; dsn: 'user=postgres password=xxx dbname=test_db host=127.0.0.1 port=5432', closed: 0>]
09:49:39 AM: DEBUG [usuarioDao.py:34 usuario a actualizar:Datos del Usuario : Id:Fresa, Nombre : 11111, Contraseña: 3]
09:49:39 AM: DEBUG [cursor_del_pool.py:17 Se ejecuta metodo __extit]
09:49:39 AM: ERROR [cursor_del_pool.py:20 Ocurrio una excepciony se hace roolback: invalid input syntax for type integer: "Fresa"
LINE 1: ... SET username= 11111, password= 3 WHERE id_usuario = 'Fresa'
                                                                ^
<class 'psycopg2.errors.InvalidTextRepresentation'><traceback object at 0x000001BEB2FC8C00>]
09:50:21 AM: DEBUG [cursor_del_pool.py:10 inicio del metodo with __enter__]
09:50:21 AM: DEBUG [conexion.py:37 creacion del pool exitosa<psycopg2.pool.SimpleConnectionPool object at 0x000002198AB91930> ]
09:50:21 AM: DEBUG [conexion.py:49 Conexion obtenida del pool :<connection object at 0x00000219889E3DE0; dsn: 'user=postgres password=xxx dbname=test_db host=127.0.0.1 port=5432', closed: 0>]
09:50:21 AM: DEBUG [usuarioDao.py:34 usuario a actualizar:Datos del Usuario : Id:Fresa, Nombre : 11111, Contraseña: 3]
09:50:21 AM: DEBUG [cursor_del_pool.py:17 Se ejecuta metodo __extit]
09:50:21 AM: ERROR [cursor_del_pool.py:20 Ocurrio una excepciony se hace roolback: invalid input syntax for type integer: "Fresa"
LINE 1: ... SET username= 11111, password= 3 WHERE id_usuario = 'Fresa'
                                                                ^
<class 'psycopg2.errors.InvalidTextRepresentation'><traceback object at 0x000002198ABA8C00>]
09:51:28 AM: DEBUG [cursor_del_pool.py:10 inicio del metodo with __enter__]
09:51:28 AM: DEBUG [conexion.py:37 creacion del pool exitosa<psycopg2.pool.SimpleConnectionPool object at 0x00000269D2EE1930> ]
09:51:28 AM: DEBUG [conexion.py:49 Conexion obtenida del pool :<connection object at 0x00000269D0D23DE0; dsn: 'user=postgres password=xxx dbname=test_db host=127.0.0.1 port=5432', closed: 0>]
09:51:28 AM: DEBUG [usuarioDao.py:34 usuario a actualizar:Datos del Usuario : Id:3, Nombre : Fresa, Contraseña: 11111]
09:51:28 AM: DEBUG [cursor_del_pool.py:17 Se ejecuta metodo __extit]
09:51:28 AM: DEBUG [cursor_del_pool.py:23 commit de la transaccion]
09:51:28 AM: DEBUG [conexion.py:57 Liberamos la conexion al pool <connection object at 0x00000269D0D23DE0; dsn: 'user=postgres password=xxx dbname=test_db host=127.0.0.1 port=5432', closed: 0>]
09:51:28 AM: DEBUG [usuarioDao.py:62 Persona Actualizada1]
09:51:28 AM: DEBUG [cursor_del_pool.py:10 inicio del metodo with __enter__]
09:51:28 AM: DEBUG [conexion.py:49 Conexion obtenida del pool :<connection object at 0x00000269D0D23DE0; dsn: 'user=postgres password=xxx dbname=test_db host=127.0.0.1 port=5432', closed: 0>]
09:51:28 AM: DEBUG [usuarioDao.py:15 Seleccionando Usuarios]
09:51:28 AM: DEBUG [cursor_del_pool.py:17 Se ejecuta metodo __extit]
09:51:28 AM: DEBUG [cursor_del_pool.py:23 commit de la transaccion]
09:51:28 AM: DEBUG [conexion.py:57 Liberamos la conexion al pool <connection object at 0x00000269D0D23DE0; dsn: 'user=postgres password=xxx dbname=test_db host=127.0.0.1 port=5432', closed: 0>]
09:51:28 AM: DEBUG [usuarioDao.py:69 Datos del Usuario : Id:1, Nombre : Juan
, Contraseña: 123]
09:51:28 AM: DEBUG [usuarioDao.py:69 Datos del Usuario : Id:2, Nombre : karla, Contraseña: 456]
09:51:28 AM: DEBUG [usuarioDao.py:69 Datos del Usuario : Id:4, Nombre : jdjd, Contraseña: 12333]
09:51:28 AM: DEBUG [usuarioDao.py:69 Datos del Usuario : Id:5, Nombre : holman, Contraseña: 9999]
09:51:28 AM: DEBUG [usuarioDao.py:69 Datos del Usuario : Id:3, Nombre : Fresa, Contraseña: 11111]
09:54:18 AM: DEBUG [cursor_del_pool.py:10 inicio del metodo with __enter__]
09:54:18 AM: DEBUG [conexion.py:37 creacion del pool exitosa<psycopg2.pool.SimpleConnectionPool object at 0x000001CE115D1990> ]
09:54:18 AM: DEBUG [conexion.py:49 Conexion obtenida del pool :<connection object at 0x000001CE0F453DE0; dsn: 'user=postgres password=xxx dbname=test_db host=127.0.0.1 port=5432', closed: 0>]
09:54:18 AM: DEBUG [usuarioDao.py:42 Usuario eliminado:Datos del Usuario : Id:4, Nombre :  , Contraseña: 0]
09:54:18 AM: DEBUG [cursor_del_pool.py:17 Se ejecuta metodo __extit]
09:54:18 AM: DEBUG [cursor_del_pool.py:23 commit de la transaccion]
09:54:18 AM: DEBUG [conexion.py:57 Liberamos la conexion al pool <connection object at 0x000001CE0F453DE0; dsn: 'user=postgres password=xxx dbname=test_db host=127.0.0.1 port=5432', closed: 0>]
09:54:18 AM: DEBUG [usuarioDao.py:66 Persona eliminada0]
09:54:18 AM: DEBUG [cursor_del_pool.py:10 inicio del metodo with __enter__]
09:54:18 AM: DEBUG [conexion.py:49 Conexion obtenida del pool :<connection object at 0x000001CE0F453DE0; dsn: 'user=postgres password=xxx dbname=test_db host=127.0.0.1 port=5432', closed: 0>]
09:54:18 AM: DEBUG [usuarioDao.py:15 Seleccionando Usuarios]
09:54:18 AM: DEBUG [cursor_del_pool.py:17 Se ejecuta metodo __extit]
09:54:18 AM: DEBUG [cursor_del_pool.py:23 commit de la transaccion]
09:54:18 AM: DEBUG [conexion.py:57 Liberamos la conexion al pool <connection object at 0x000001CE0F453DE0; dsn: 'user=postgres password=xxx dbname=test_db host=127.0.0.1 port=5432', closed: 0>]
09:54:18 AM: DEBUG [usuarioDao.py:69 Datos del Usuario : Id:1, Nombre : Juan
, Contraseña: 123]
09:54:18 AM: DEBUG [usuarioDao.py:69 Datos del Usuario : Id:2, Nombre : karla, Contraseña: 456]
09:54:18 AM: DEBUG [usuarioDao.py:69 Datos del Usuario : Id:4, Nombre : jdjd, Contraseña: 12333]
09:54:18 AM: DEBUG [usuarioDao.py:69 Datos del Usuario : Id:5, Nombre : holman, Contraseña: 9999]
09:54:18 AM: DEBUG [usuarioDao.py:69 Datos del Usuario : Id:3, Nombre : Fresa, Contraseña: 11111]
09:57:09 AM: DEBUG [cursor_del_pool.py:10 inicio del metodo with __enter__]
09:57:09 AM: DEBUG [conexion.py:37 creacion del pool exitosa<psycopg2.pool.SimpleConnectionPool object at 0x000001437D101930> ]
09:57:09 AM: DEBUG [conexion.py:49 Conexion obtenida del pool :<connection object at 0x000001437AF83DE0; dsn: 'user=postgres password=xxx dbname=test_db host=127.0.0.1 port=5432', closed: 0>]
09:57:09 AM: DEBUG [usuarioDao.py:42 Usuario eliminado:Datos del Usuario : Id:4, Nombre : None, Contraseña: None]
09:57:09 AM: DEBUG [cursor_del_pool.py:17 Se ejecuta metodo __extit]
09:57:09 AM: DEBUG [cursor_del_pool.py:23 commit de la transaccion]
09:57:09 AM: DEBUG [conexion.py:57 Liberamos la conexion al pool <connection object at 0x000001437AF83DE0; dsn: 'user=postgres password=xxx dbname=test_db host=127.0.0.1 port=5432', closed: 0>]
09:57:09 AM: DEBUG [usuarioDao.py:66 Persona eliminada1]
09:57:09 AM: DEBUG [cursor_del_pool.py:10 inicio del metodo with __enter__]
09:57:09 AM: DEBUG [conexion.py:49 Conexion obtenida del pool :<connection object at 0x000001437AF83DE0; dsn: 'user=postgres password=xxx dbname=test_db host=127.0.0.1 port=5432', closed: 0>]
09:57:09 AM: DEBUG [usuarioDao.py:15 Seleccionando Usuarios]
09:57:09 AM: DEBUG [cursor_del_pool.py:17 Se ejecuta metodo __extit]
09:57:09 AM: DEBUG [cursor_del_pool.py:23 commit de la transaccion]
09:57:09 AM: DEBUG [conexion.py:57 Liberamos la conexion al pool <connection object at 0x000001437AF83DE0; dsn: 'user=postgres password=xxx dbname=test_db host=127.0.0.1 port=5432', closed: 0>]
09:57:09 AM: DEBUG [usuarioDao.py:69 Datos del Usuario : Id:1, Nombre : Juan
, Contraseña: 123]
09:57:09 AM: DEBUG [usuarioDao.py:69 Datos del Usuario : Id:2, Nombre : karla, Contraseña: 456]
09:57:09 AM: DEBUG [usuarioDao.py:69 Datos del Usuario : Id:5, Nombre : holman, Contraseña: 9999]
09:57:09 AM: DEBUG [usuarioDao.py:69 Datos del Usuario : Id:3, Nombre : Fresa, Contraseña: 11111]
10:09:08 AM: DEBUG [cursor_del_pool.py:10 inicio del metodo with __enter__]
10:09:08 AM: DEBUG [conexion.py:37 creacion del pool exitosa<psycopg2.pool.SimpleConnectionPool object at 0x0000017EBC08BF70> ]
10:09:08 AM: DEBUG [conexion.py:49 Conexion obtenida del pool :<connection object at 0x0000017EBBAA3DE0; dsn: 'user=postgres password=xxx dbname=test_db host=127.0.0.1 port=5432', closed: 0>]
10:09:08 AM: DEBUG [usuarioDao.py:15 Seleccionando Usuarios]
10:09:08 AM: DEBUG [cursor_del_pool.py:17 Se ejecuta metodo __extit]
10:09:08 AM: DEBUG [cursor_del_pool.py:23 commit de la transaccion]
10:09:08 AM: DEBUG [conexion.py:57 Liberamos la conexion al pool <connection object at 0x0000017EBBAA3DE0; dsn: 'user=postgres password=xxx dbname=test_db host=127.0.0.1 port=5432', closed: 0>]
10:09:08 AM: INFO [menu_app_usuario.py:15 Datos del Usuario : Id:1, Nombre : Juan
, Contraseña: 123]
10:09:08 AM: INFO [menu_app_usuario.py:15 Datos del Usuario : Id:2, Nombre : karla, Contraseña: 456]
10:09:08 AM: INFO [menu_app_usuario.py:15 Datos del Usuario : Id:5, Nombre : holman, Contraseña: 9999]
10:09:08 AM: INFO [menu_app_usuario.py:15 Datos del Usuario : Id:3, Nombre : Fresa, Contraseña: 11111]
10:11:05 AM: INFO [menu_app_usuario.py:15 Datos del Usuario : Id:1, Nombre : Juan
, Contraseña: 123]
10:11:05 AM: INFO [menu_app_usuario.py:15 Datos del Usuario : Id:2, Nombre : karla, Contraseña: 456]
10:11:05 AM: INFO [menu_app_usuario.py:15 Datos del Usuario : Id:5, Nombre : holman, Contraseña: 9999]
10:11:05 AM: INFO [menu_app_usuario.py:15 Datos del Usuario : Id:3, Nombre : Fresa, Contraseña: 11111]
10:22:29 AM: INFO [menu_app_usuario.py:16 Datos del Usuario : Id:1, Nombre : Juan
, Contraseña: 123]
10:22:29 AM: INFO [menu_app_usuario.py:16 Datos del Usuario : Id:2, Nombre : karla, Contraseña: 456]
10:22:29 AM: INFO [menu_app_usuario.py:16 Datos del Usuario : Id:5, Nombre : holman, Contraseña: 9999]
10:22:29 AM: INFO [menu_app_usuario.py:16 Datos del Usuario : Id:3, Nombre : Fresa, Contraseña: 11111]
10:22:45 AM: INFO [menu_app_usuario.py:22 Usuarios insertados :1]
10:23:16 AM: INFO [menu_app_usuario.py:29 Usuarios Actualizado :1]
10:23:32 AM: INFO [menu_app_usuario.py:34 usuario Eliminado:1]
10:23:43 AM: INFO [menu_app_usuario.py:37 salimos de la aplicacion]
10:24:43 AM: INFO [menu_app_usuario.py:16 Datos del Usuario : Id:2, Nombre : karla, Contraseña: 456]
10:24:43 AM: INFO [menu_app_usuario.py:16 Datos del Usuario : Id:5, Nombre : holman, Contraseña: 9999]
10:24:43 AM: INFO [menu_app_usuario.py:16 Datos del Usuario : Id:6, Nombre :  pedritosola, Contraseña:  0944]
10:24:43 AM: INFO [menu_app_usuario.py:16 Datos del Usuario : Id:1, Nombre :  zz, Contraseña:  333]
